This is pdfTeX, Version 3.141592653-2.6-1.40.23 (MiKTeX 21.8) (preloaded format=latex 2022.11.15)  15 NOV 2022 20:03
entering extended mode
**./scrlettr.ins
(scrlettr.ins
LaTeX2e <2021-06-01> patch level 1
L3 programming layer <2021-08-27>
(C:\Program Files\MiKTeX\tex/latex/base\docstrip.tex
\blockLevel=\count182
\emptyLines=\count183
\processedLines=\count184
\commentsRemoved=\count185
\commentsPassed=\count186
\codeLinesPassed=\count187
\TotalprocessedLines=\count188
\TotalcommentsRemoved=\count189
\TotalcommentsPassed=\count190
\TotalcodeLinesPassed=\count191
\NumberOfFiles=\count192
\inFile=\read2
\inputcheck=\read3
\off@0=\count193
\off@1=\count194
\off@2=\count195
\off@3=\count196
\off@4=\count197
\off@5=\count198
\off@6=\count199
\off@7=\count266
\off@8=\count267
\off@9=\count268
\off@10=\count269
\off@11=\count270
\off@12=\count271
\off@13=\count272
\off@14=\count273
\off@15=\count274
\@maxfiles=\count275
\@maxoutfiles=\count276

Utility: `docstrip' v2.6a <2020-11-23>
English documentation    <2020-11-23>

**********************************************************
* This program converts documented macro-files into fast *
* loadable files by stripping off (nearly) all comments! *
**********************************************************

********************************************************
* No Configuration file found, using default settings. *
********************************************************

(scrlettr.ins
*************************************************************************
*
* THIS WILL PRODUCE AN OBSOLETE CLASS, THAT IS NOT LONGER SUPPORTED OR
* PART OF KOMA-SCRIPT!!!
*
*************************************************************************

Generating file(s) ./scrlettr.cls 
\openout0 = `./scrlettr.cls'.


Processing file scrlettr.dtx (scrlettr) -> scrlettr.cls
File scrlettr.dtx ended by \endinput.
Lines  processed: 2847
Comments removed: 1960
Comments  passed: 1
Codelines passed: 871

) ) ) 
Here is how much of TeX's memory you used:
 336 strings out of 478928
 3677 string characters out of 2862417
 298939 words of memory out of 3000000
 18288 multiletter control sequences out of 15000+600000
 403430 words of font info for 27 fonts, out of 8000000 for 9000
 1141 hyphenation exceptions out of 8191
 17i,0n,15p,163b,123s stack positions out of 5000i,500n,10000p,200000b,80000s

No pages of output.
